aFileChooser/build/outputs/logs/manifest-merger-debug-report.txt
-- Merging decision tree log ---
manifest
ADDED from src/main/AndroidManifest.xml:17:2-21:12
INJECTED from src/main/AndroidManifest.xml:17:2-21:12
INJECTED from src/main/AndroidManifest.xml:17:2-21:12
	package
		ADDED from src/main/AndroidManifest.xml:18:5-40
		INJECTED from src/main/AndroidManifest.xml
		INJECTED from src/main/AndroidManifest.xml
	xmlns:android
		ADDED from src/main/AndroidManifest.xml:17:12-70
uses-sdk
ADDED from src/main/AndroidManifest.xml:19:5-43
INJECTED from src/main/AndroidManifest.xml:19:5-43
INJECTED from src/main/AndroidManifest.xml:19:5-43
INJECTED from src/main/AndroidManifest.xml:19:5-43
INJECTED from src/main/AndroidManifest.xml:19:5-43
	android:targetSdkVersion
		INJECTED from src/main/AndroidManifest.xml
		ADDED from src/main/AndroidManifest.xml:19:5-43
		INJECTED from src/main/AndroidManifest.xml
	android:minSdkVersion
		ADDED from src/main/AndroidManifest.xml:19:15-40
		INJECTED from src/main/AndroidManifest.xml
		INJECTED from src/main/AndroidManifest.xml